<?xml version="1.0" encoding="UTF-8"?>
<testsuite name="com.assignment.TestAnalyser" tests="1" skipped="0" failures="0" errors="0" timestamp="2021-01-04T17:49:37" hostname="DESKTOP-BLCU99U" time="0.002">
  <properties/>
  <testcase name="given_InHappyMood_thenShouldBeHappyMood" classname="com.assignment.TestAnalyser" time="0.002"/>
  <system-out><![CDATA[]]></system-out>
  <system-err><![CDATA[]]></system-err>
</testsuite>
