<?xml version="1.0" encoding="UTF-8"?>
<testsuite name="com.assignment.TestAnalyser" tests="1" skipped="0" failures="0" errors="0" timestamp="2021-01-05T05:28:06" hostname="DESKTOP-BLCU99U" time="0.004">
  <properties/>
  <testcase name="given_Empty_ShouldReturnHappy" classname="com.assignment.TestAnalyser" time="0.004"/>
  <system-out><![CDATA[]]></system-out>
  <system-err><![CDATA[]]></system-err>
</testsuite>
